<?xml version="1.0" encoding="UTF-8"?>
<!-- Generated by org.testng.reporters.JUnitReportReporter -->
<testsuite hostname="DESKTOP-BDAP6A8" name="tesengdemo1.TestngDemo1" tests="1" failures="0" timestamp="14 Aug 2024 02:29:48 GMT" time="0.006" errors="0">
  <testcase name="funA" time="0.006" classname="tesengdemo1.TestngDemo1"/>
</testsuite> <!-- tesengdemo1.TestngDemo1 -->
